c:\users\user\source\repos\izmaylov_lab1\izmailov_lab1\debug\vc142.pdb
c:\users\user\source\repos\izmaylov_lab1\izmailov_lab1\debug\vc142.idb
c:\users\user\source\repos\izmaylov_lab1\izmailov_lab1\debug\stackmassive.obj
c:\users\user\source\repos\izmaylov_lab1\izmailov_lab1\debug\stackconsole.obj
c:\users\user\source\repos\izmaylov_lab1\izmailov_lab1\debug\izmaylov_lab1.obj
c:\users\user\source\repos\izmaylov_lab1\debug\izmaylov_lab1.exe
c:\users\user\source\repos\izmaylov_lab1\debug\izmaylov_lab1.pdb
c:\users\user\source\repos\izmaylov_lab1\izmailov_lab1\debug\izmaylov_lab1.exe
c:\users\user\source\repos\izmaylov_lab1\izmailov_lab1\debug\izmaylov_lab1.pdb
c:\users\user\source\repos\izmaylov_lab1\izmailov_lab1\debug\stacklist.obj
c:\users\user\source\repos\izmaylov_lab1\izmailov_lab1\debug\nativecodeanalysis.read.1.tlog
c:\users\user\source\repos\izmaylov_lab1\izmailov_lab1\debug\izmaylov_lab1.nativecodeanalysis.xml
c:\users\user\source\repos\izmaylov_lab1\izmailov_lab1\debug\stackconsole.nativecodeanalysis.xml
c:\users\user\source\repos\izmaylov_lab1\izmailov_lab1\debug\stacklist.nativecodeanalysis.xml
c:\users\user\source\repos\izmaylov_lab1\izmailov_lab1\debug\stackmassive.nativecodeanalysis.xml
c:\users\user\source\repos\izmaylov_lab1\izmailov_lab1\debug\vc.nativecodeanalysis.all.xml
c:\users\user\source\repos\izmaylov_lab1\izmailov_lab1\debug\izmaylov_lab1.tlog\cl.command.1.tlog
c:\users\user\source\repos\izmaylov_lab1\izmailov_lab1\debug\izmaylov_lab1.tlog\cl.read.1.tlog
c:\users\user\source\repos\izmaylov_lab1\izmailov_lab1\debug\izmaylov_lab1.tlog\cl.write.1.tlog
c:\users\user\source\repos\izmaylov_lab1\izmailov_lab1\debug\izmaylov_lab1.tlog\link.command.1.tlog
c:\users\user\source\repos\izmaylov_lab1\izmailov_lab1\debug\izmaylov_lab1.tlog\link.delete.1.tlog
c:\users\user\source\repos\izmaylov_lab1\izmailov_lab1\debug\izmaylov_lab1.tlog\link.read.1.tlog
c:\users\user\source\repos\izmaylov_lab1\izmailov_lab1\debug\izmaylov_lab1.tlog\link.write.1.tlog
